<?xml version="1.0" encoding="UTF-8"?>
<testsuite xmlns:xsi="http://www.w3.org/2001/XMLSchema-instance" xsi:noNamespaceSchemaLocation="https://maven.apache.org/surefire/maven-surefire-plugin/xsd/surefire-test-report-3.0.xsd" version="3.0" name="com.udacity.catpoint.security.service.SecurityServiceTest" time="1.213" tests="18" errors="0" skipped="0" failures="0">
  <properties>
[...]
</properties>
  <testcase name="systemArmed_multipleSensorsActive_updatesEachSensorInactive" classname="com.udacity.catpoint.security.service.SecurityServiceTest" time="0.868"/>
  <testcase name="systemArmed_resetSensorsToInactive" classname="com.udacity.catpoint.security.service.SecurityServiceTest" time="0.005"/>
  <testcase name="pendingAlarm_oneSensorStillActive_alarmNotCleared" classname="com.udacity.catpoint.security.service.SecurityServiceTest" time="0.006"/>
  <testcase name="sensorActivatedWhileActive_systemPending_setAlarm" classname="com.udacity.catpoint.security.service.SecurityServiceTest" time="0.011"/>
  <testcase name="alarmArmed_sensorActivated_pendingAlarm" classname="com.udacity.catpoint.security.service.SecurityServiceTest" time="0.004"/>
  <testcase name="pendingAlarm_allSensorsInactive_noAlarm" classname="com.udacity.catpoint.security.service.SecurityServiceTest" time="0.004"/>
  <testcase name="imageServiceIdentifiesCat_armedHome_setAlarm" classname="com.udacity.catpoint.security.service.SecurityServiceTest" time="0.168"/>
  <testcase name="alarmActive_sensorStateChange_noAlarmChange" classname="com.udacity.catpoint.security.service.SecurityServiceTest" time="0.003"/>
  <testcase name="systemArmed_sensorActivated_pendingAlarm(ArmingStatus)[1]" classname="com.udacity.catpoint.security.service.SecurityServiceTest" time="0.029"/>
  <testcase name="systemArmed_sensorActivated_pendingAlarm(ArmingStatus)[2]" classname="com.udacity.catpoint.security.service.SecurityServiceTest" time="0.003"/>
  <testcase name="systemArmed_sensorActivated_pendingAlarm(ArmingStatus)[3]" classname="com.udacity.catpoint.security.service.SecurityServiceTest" time="0.003"/>
  <testcase name="systemDisarmed_setNoAlarm" classname="com.udacity.catpoint.security.service.SecurityServiceTest" time="0.002"/>
  <testcase name="imageServiceIdentifiesNoCat_sensorsInactive_noAlarm" classname="com.udacity.catpoint.security.service.SecurityServiceTest" time="0.003"/>
  <testcase name="systemArmedHome_cameraShowsCat_setAlarm" classname="com.udacity.catpoint.security.service.SecurityServiceTest" time="0.003"/>
  <testcase name="alarmArmed_sensorActivated_systemPending_setAlarm" classname="com.udacity.catpoint.security.service.SecurityServiceTest" time="0.003"/>
  <testcase name="sensorDeactivatedWhileInactive_noAlarmChange" classname="com.udacity.catpoint.security.service.SecurityServiceTest" time="0.002"/>
  <testcase name="systemArmedHome_catAlreadyDetected_setAlarm" classname="com.udacity.catpoint.security.service.SecurityServiceTest" time="0.01"/>
  <testcase name="imageServiceIdentifiesNoCat_sensorsActive_alarmUnchanged" classname="com.udacity.catpoint.security.service.SecurityServiceTest" time="0.003"/>
</testsuite>